Scan Results for HTML Project: moderate.hhp
HHPMod Version 3.2.2
July 19, 2013: 01:33 PM

HTML Project File: D:\Source\Ameol\archive\source\Moderate\moderate\moderate.hhp
HTML Contents File: D:\Source\Ameol\archive\source\Moderate\moderate\moderate.hhc
HTML Index File: D:\Source\Ameol\archive\source\Moderate\moderate\moderate.hhk

Original WinHelp 4 Project File: D:\Source\Ameol\archive\source\Moderate\moderate\moderate.hpj

Data Extracted from WinHelp 4 Project File:
---------------------------------------------
 Map Files: 8
    D:\Source\Ameol\archive\source\Moderate\moderate\moderate.h
    D:\Source\Ameol\archive\source\Moderate\moderate\procedur.hh
    D:\Source\Ameol\archive\source\Moderate\moderate\topics.hh
    D:\Source\Ameol\archive\source\Moderate\moderate\settings.hh
    D:\Source\Ameol\archive\source\Moderate\moderate\confs.hh
    D:\Source\Ameol\archive\source\Moderate\moderate\flist.hh
    D:\Source\Ameol\archive\source\Moderate\moderate\create.hh
    D:\Source\Ameol\archive\source\Moderate\moderate\moderate.hh

 Number of ContextID's defined =  422

Data extracted from HTML Help Project File created by HTML Workshop:
---------------------------------------------------------------------------

 Topic Files (total): 197
 Untitled Topics: 0 (may be converted popups)

 Note - in the listing below, the new .htm file name will be
derived from the first Winhelp Topic_ID.

.htm File:         WinHelp Topic_ID's:                 WinHelp Topic Title:                                                                     
----------         -----------------                   --------------------                                                                     

mode3fxv.htm       hid_contents                        Moderate Help Contents
    " Contains 3 Links:
          mode4kh1.htm = hid_creating_a_conference.htm
          mode5ztx.htm = hid_moderating_a_conference.htm
          mode5y1x.htm = hid_reference.htm
mode2aud.htm       hid_todaydate                       Today's Date
mode4kh1.htm       hid_creating_a_conference           Creating a New CIX Conference
    " Contains 6 Links:
          mode5ztx.htm = hid_moderating_a_conference.htm
          mode7184.htm = hid_before_you_start.htm
          mode9gkz.htm = hid_choosing_topics.htm
          mode4sfa.htm = hid_create_conf.htm
          mode2n3n.htm = hid_initial_participants.htm
          mode110m.htm = hid_announcing_your_conf.htm
mode5y1x.htm       hid_reference                       Reference Contents
    " Contains 4 Links:
          mode4sfa.htm = hid_create_conf.htm
          mode46r7.htm = hid_settings.htm
          mode9i5v.htm = hid_edit_topics.htm
          mode16t0.htm = hid_edit_flist.htm
mode5ztx.htm       hid_moderating_a_conference         Moderating a Conference
    " Contains 7 Links:
          mode3u3w.htm = hid_mod_general.htm
          mode6605.htm = hid_conference_note.htm
          mode3c8j.htm = hid_mod_topics.htm
          mode7v8z.htm = hid_mod_file_lists.htm
          mode5yib.htm = hid_mod_participants.htm
          mode614j.htm = hid_mod_messages.htm
          mode8s1f.htm = hid_mod_comods.htm
mode9bxq.htm       hid_version                         Ameol Moderate Addon Help
mode16t0.htm       hid_edit_flist                      Edit File List
    " Contains 1 Link:
          mode7v8z.htm = hid_mod_file_lists.htm
mode50ha.htm       hid_fdir_action                     File Directory Tab Action Menu
    " Contains 1 Link:
          mode73ec.htm = hid_flist_group_4.htm
mode7184.htm       hid_before_you_start                Before You Start
    " Contains 6 Links:
          mode4kh1.htm = hid_creating_a_conference.htm
          mode30kz.htm = hid_open_conferences.htm
          mode5jcj.htm = hid_closed_conferences.htm
          mode0rlf.htm = hid_cc_conferences.htm
          mode6oj8.htm = hid_check_conf_list.htm
          mode8zse.htm = hid_check_conf_description.htm
mode6oj8.htm       hid_check_conf_list                 Checking the CIX Conference List
mode8zse.htm       hid_check_conf_description          Checking Conference Descriptions
mode9gkz.htm       hid_choosing_topics                 Choosing Your Initial Topics
    " Contains 1 Link:
          mode4kh1.htm = hid_creating_a_conference.htm
mode4sfa.htm       hid_create_conf                     Creating a CIX Conference Using Ameol
    " Contains 1 Link:
          mode4kh1.htm = hid_creating_a_conference.htm
mode1gv9.htm       hid_create_conf_name                New Conference Name
mode2aem.htm       hid_create_open                     Open Conference Radio Button
mode66jo.htm       hid_create_closed                   Closed Conference Radio Button
mode47qb.htm       hid_create_cc                       Closed Confidential Conference Radio Button
mode2432.htm       hid_create_description              New Conference Description
mode9h2d.htm       hid_create_topic_name               Topic Name
mode8y44.htm       hid_create_topic_list               Topic List
mode4z1h.htm       hid_create_delete                   Delete Topic
mode2pgl.htm       hid_create_conf_note                Creating a CIX Conference Note
    " Contains 1 Link:
          mode4sfa.htm = hid_create_conf.htm
mode21ww.htm       hid_create_conf_note_popup          Creating a CIX Conference Note_1
    " Contains 2 Links:
          mode6605.htm = hid_conference_note.htm
          mode2pgl.htm = hid_create_conf_note.htm
mode1feb.htm       hid_create_files                    Topic has File List
mode2l89.htm       hid_create_readonly                 Topic is Read Only
mode3a9a.htm       hid_create_topic_description        New Topic Description
mode48bv.htm       hid_create_ok                       OK Button
mode3mi4.htm       hid_create_cancel                   Cancel Button
mode2034.htm       hid_create_help                     Help Button
mode2n3n.htm       hid_initial_participants            Adding Initial Participants
    " Contains 1 Link:
          mode4kh1.htm = hid_creating_a_conference.htm
mode110m.htm       hid_announcing_your_conf            Announcing Your New Conference
    " Contains 1 Link:
          mode4kh1.htm = hid_creating_a_conference.htm
mode6yzo.htm       hid_edit_seed                       Edit Seed Message
mode9kkk.htm       hid_create_add                      Add Topic
    " Contains 1 Link:
          mode46r7.htm = hid_settings.htm
mode73e9.htm       hid_flist_group_1                   File List Editor - File List Tab Buttons
    " Contains 1 Link:
          mode16t0.htm = hid_edit_flist.htm
mode6nu3.htm       hid_flist_ok                        File List Dialog OK Button
    " Contains 1 Link:
          mode73e9.htm = hid_flist_group_1.htm
mode5xkc.htm       hid_flist_cancel                    File List Dialog Cancel Button
    " Contains 1 Link:
          mode73e9.htm = hid_flist_group_1.htm
mode89dc.htm       hid_flist_help                      File List Dialog Help Button
    " Contains 2 Links:
          mode73e9.htm = hid_flist_group_1.htm
          mode16t0.htm = hid_edit_flist.htm
mode73ea.htm       hid_flist_group_2                   The File List Editor Display
    " Contains 1 Link:
          mode16t0.htm = hid_edit_flist.htm
mode30tw.htm       hid_flist_insert                    Inserting New Entries in a File List
    " Contains 2 Links:
          mode16t0.htm = hid_edit_flist.htm
          mode38mc.htm = hid_flist_append.htm
mode4h0n.htm       hid_settings_multiple_msg           Multiple Notification Messages
mode7o6q.htm       hid_insert_flist_fdir               Inserting Orphans from the File Directory
    " Contains 2 Links:
          mode30tw.htm = hid_flist_insert.htm
          mode73e9.htm = hid_flist_group_1.htm
mode5ay4.htm       hid_insert_flist_filepool           Inserting File Entries from the Filepool
    " Contains 2 Links:
          mode30tw.htm = hid_flist_insert.htm
          mode73e9.htm = hid_flist_group_1.htm
mode6qlo.htm       hid_insert_flist_mail               Inserting Entries from your Binmail Directory
    " Contains 2 Links:
          mode30tw.htm = hid_flist_insert.htm
          mode73e9.htm = hid_flist_group_1.htm
mode5z1g.htm       hid_insert_flist_upload             Inserting Entries by Uploading from Your Computer
    " Contains 2 Links:
          mode30tw.htm = hid_flist_insert.htm
          mode73e9.htm = hid_flist_group_1.htm
mode9xda.htm       hid_insert_flist_notification       Inserting Entries Notified to You by Mail
    " Contains 2 Links:
          mode30tw.htm = hid_flist_insert.htm
          mode73e9.htm = hid_flist_group_1.htm
mode4605.htm       hid_insert_flist_blank_line         Inserting Blank Lines into a File List
    " Contains 3 Links:
          mode30tw.htm = hid_flist_insert.htm
          mode73e9.htm = hid_flist_group_1.htm
          mode3790.htm = hid_insert_flist_comment.htm
mode3790.htm       hid_insert_flist_comment            Inserting Comments into a File List
    " Contains 2 Links:
          mode30tw.htm = hid_flist_insert.htm
          mode73e9.htm = hid_flist_group_1.htm
mode7bxg.htm       hid_insert_flist_indented           Inserting Indented Comments into a File List
    " Contains 2 Links:
          mode30tw.htm = hid_flist_insert.htm
          mode73e9.htm = hid_flist_group_1.htm
mode73fz.htm       hid_insert_flist_memo               Inserting Private Memos into a File List
    " Contains 2 Links:
          mode30tw.htm = hid_flist_insert.htm
          mode73e9.htm = hid_flist_group_1.htm
mode38mc.htm       hid_flist_append                    Appending New Entries to a File List
    " Contains 2 Links:
          mode16t0.htm = hid_edit_flist.htm
          mode30tw.htm = hid_flist_insert.htm
mode6gj6.htm       hid_append_flist_fdir               Appending Orphans from the File Directory
    " Contains 2 Links:
          mode38mc.htm = hid_flist_append.htm
          mode73e9.htm = hid_flist_group_1.htm
mode76ek.htm       hid_append_flist_filepool           Appending File Entries from the Filepool
    " Contains 2 Links:
          mode38mc.htm = hid_flist_append.htm
          mode73e9.htm = hid_flist_group_1.htm
mode5iy4.htm       hid_append_flist_mail               Appending Entries from your Binmail Directory
    " Contains 2 Links:
          mode38mc.htm = hid_flist_append.htm
          mode73e9.htm = hid_flist_group_1.htm
mode92xw.htm       hid_append_flist_upload             Appending Entries by Uploading from Your Computer
    " Contains 2 Links:
          mode38mc.htm = hid_flist_append.htm
          mode73e9.htm = hid_flist_group_1.htm
mode2nxq.htm       hid_append_flist_notification       Appending Entries Notified to You by Mail
    " Contains 2 Links:
          mode38mc.htm = hid_flist_append.htm
          mode73e9.htm = hid_flist_group_1.htm
mode990l.htm       hid_append_flist_blank_line         Appending Blank Lines to a File List
    " Contains 3 Links:
          mode38mc.htm = hid_flist_append.htm
          mode73e9.htm = hid_flist_group_1.htm
          mode24xg.htm = hid_append_flist_comment.htm
mode24xg.htm       hid_append_flist_comment            Appending Comments to a File List
    " Contains 2 Links:
          mode38mc.htm = hid_flist_append.htm
          mode73e9.htm = hid_flist_group_1.htm
mode97dw.htm       hid_append_flist_indented           Appending Indented Comments to a File List
    " Contains 2 Links:
          mode38mc.htm = hid_flist_append.htm
          mode73e9.htm = hid_flist_group_1.htm
mode5vsf.htm       hid_append_flist_memo               Appending Private Memos to a File List
    " Contains 2 Links:
          mode38mc.htm = hid_flist_append.htm
          mode73e9.htm = hid_flist_group_1.htm
mode5qw5.htm       hid_flist_update                    Updating Entries in a File List
    " Contains 1 Link:
          mode16t0.htm = hid_edit_flist.htm
mode2m5o.htm       hid_flist_update_mail               Updating Entries from Your Binmail Directory
    " Contains 2 Links:
          mode5qw5.htm = hid_flist_update.htm
          mode73e9.htm = hid_flist_group_1.htm
mode6alg.htm       hid_flist_update_upload             Updating Entries by Uploading from Your Computer
    " Contains 2 Links:
          mode5qw5.htm = hid_flist_update.htm
          mode73e9.htm = hid_flist_group_1.htm
mode1b90.htm       hid_flist_edit                      Editing Entries in a File List
    " Contains 7 Links:
          mode73e9.htm = hid_flist_group_1.htm
          mode7gdu.htm = hid_flist_edit_fdir.htm
          mode14x8.htm = hid_flist_edit_filepool.htm
          mode7cs4.htm = hid_flist_edit_comment.htm
          mode2zac.htm = hid_flist_edit_tabbed.htm
          mode6vn3.htm = hid_flist_edit_memo.htm
          mode46r7.htm = hid_settings.htm
mode6vn3.htm       hid_flist_edit_memo                 Editing Private Memo Entries
mode7cs4.htm       hid_flist_edit_comment              Editing Comment Lines
mode2zac.htm       hid_flist_edit_tabbed               Editing Tabbed Comments
mode14x8.htm       hid_flist_edit_filepool             Editing Filepool File Entries
mode7gdu.htm       hid_flist_edit_fdir                 Editing File Entries
mode7g8k.htm       hid_flist_import                    Importing File Descriptions
    " Contains 2 Links:
          mode73e9.htm = hid_flist_group_1.htm
          mode8u43.htm = hid_import_assumptions.htm
mode8u43.htm       hid_import_assumptions              Assumptions Made When Importing File Descriptions
mode24a8.htm       hid_flist_move_up                   Moving File List Entries Up
    " Contains 1 Link:
          mode73e9.htm = hid_flist_group_1.htm
mode3z8u.htm       hid_flist_move_down                 Moving File List Entries Down
    " Contains 1 Link:
          mode73e9.htm = hid_flist_group_1.htm
mode6xh0.htm       hid_flist_export                    Exporting File Entries to the Filepool
    " Contains 2 Links:
          mode63n7.htm = hid_flist_actions.htm
          mode73e9.htm = hid_flist_group_1.htm
mode7a3p.htm       hid_flist_delete                    Deleting Entries from a File List
    " Contains 3 Links:
          mode63n7.htm = hid_flist_actions.htm
          mode73e9.htm = hid_flist_group_1.htm
          mode6850.htm = hid_settings_flist.htm
mode94ys.htm       hid_flist_hold                      Hiding and Restoring File List Entries
    " Contains 3 Links:
          mode63n7.htm = hid_flist_actions.htm
          mode73e9.htm = hid_flist_group_1.htm
          mode2aer.htm = hid_hidden_entries.htm
mode2aer.htm       hid_hidden_entries                  Hidden File List Entry Header
    " Contains 1 Link:
          mode94ys.htm = hid_flist_hold.htm
mode6skk.htm       hid_flist_download                  Downloading Files from a File List Using Moderate
    " Contains 3 Links:
          mode63n7.htm = hid_flist_actions.htm
          mode73e9.htm = hid_flist_group_1.htm
          mode46r7.htm = hid_settings.htm
mode8n09.htm       hid_flist_notify                    Creating Notification Messages for File List Entries
    " Contains 3 Links:
          mode63n7.htm = hid_flist_actions.htm
          mode73e9.htm = hid_flist_group_1.htm
          mode4cvo.htm = hid_flist_notify_select.htm
mode4cvo.htm       hid_flist_notify_select             Generating More Than One File Notification at a Time
    " Contains 2 Links:
          mode8n09.htm = hid_flist_notify.htm
          mode6850.htm = hid_settings_flist.htm
mode73eb.htm       hid_flist_group_3                   File List Editor - File Directory Tab Buttons
    " Contains 1 Link:
          mode73ec.htm = hid_flist_group_4.htm
mode63n7.htm       hid_flist_actions                   Edit File List Tab Action Menu
    " Contains 1 Link:
          mode16t0.htm = hid_edit_flist.htm
mode93oz.htm       hid_flist_download_lists            Refreshing Your Offline Copies of the File Lists
    " Contains 1 Link:
          mode73e9.htm = hid_flist_group_1.htm
mode1vp0.htm       hid_flist_upload_flist              Uploading and Updating the File List on CIX
    " Contains 1 Link:
          mode73e9.htm = hid_flist_group_1.htm
mode2wf8.htm       hid_fdir_update_upload              Updating Files by Uploading from Your Computer
    " Contains 2 Links:
          mode4be8.htm = hid_fdir_update_popup.htm
          mode73eb.htm = hid_flist_group_3.htm
mode45rg.htm       hid_fdir_update_mail                Updating Files from Your Binmail Directory
    " Contains 2 Links:
          mode4be8.htm = hid_fdir_update_popup.htm
          mode73eb.htm = hid_flist_group_3.htm
mode2ffv.htm       hid_fdir_ok                         File Directory Dialog OK Button
    " Contains 1 Link:
          mode73eb.htm = hid_flist_group_3.htm
mode9374.htm       hid_fdir_help                       File Directory Dialog Help Button
    " Contains 2 Links:
          mode73eb.htm = hid_flist_group_3.htm
          mode73ec.htm = hid_flist_group_4.htm
mode6ovo.htm       hid_fdir_insert                     File Directory Dialog Insert Button
    " Contains 1 Link:
          mode73eb.htm = hid_flist_group_3.htm
mode6wo4.htm       hid_fdir_append                     File Directory Dialog Append Button
    " Contains 1 Link:
          mode73eb.htm = hid_flist_group_3.htm
mode4be8.htm       hid_fdir_update_popup               Updating Files in the File Directory
    " Contains 1 Link:
          mode73ec.htm = hid_flist_group_4.htm
mode4zhh.htm       hid_fdir_erase                      Erase button
    " Contains 3 Links:
          mode50ha.htm = hid_fdir_action.htm
          mode73eb.htm = hid_flist_group_3.htm
          mode9jua.htm = hid_settings_fdir.htm
mode12uc.htm       hid_fdir_download                   Download button
    " Contains 2 Links:
          mode50ha.htm = hid_fdir_action.htm
          mode73eb.htm = hid_flist_group_3.htm
mode1s38.htm       hid_fdir_sort                       Sort button
    " Contains 2 Links:
          mode73ec.htm = hid_flist_group_4.htm
          mode9jua.htm = hid_settings_fdir.htm
mode9exx.htm       hid_fdir_update                     Update fdir button
mode24mr.htm       hid_fdir_orphans                    Displaying orphans
    " Contains 3 Links:
          mode73eb.htm = hid_flist_group_3.htm
          mode999v.htm = hid_orphan_files.htm
          mode9jua.htm = hid_settings_fdir.htm
mode1juc.htm       hid_fdir_in_flist                   Displaying files with entries in the file list
    " Contains 2 Links:
          mode73eb.htm = hid_flist_group_3.htm
          mode9jua.htm = hid_settings_fdir.htm
mode6i7n.htm       hid_fdir_all_files                  Displaying all files
    " Contains 2 Links:
          mode73eb.htm = hid_flist_group_3.htm
          mode9jua.htm = hid_settings_fdir.htm
mode4ckl.htm       hid_flist_rename                    Renaming a CIX File Directory File
    " Contains 2 Links:
          mode50ha.htm = hid_fdir_action.htm
          mode73eb.htm = hid_flist_group_3.htm
mode0lis.htm       hid_fdir_export                     Exporting File Entries to the Filepool_1
    " Contains 2 Links:
          mode50ha.htm = hid_fdir_action.htm
          mode73eb.htm = hid_flist_group_3.htm
mode9n04.htm       hid_flist_sort_file_list            Sorting File Lists
    " Contains 1 Link:
          mode73e9.htm = hid_flist_group_1.htm
mode0dyb.htm       hid_flist_change_topic              Changing the Topic You are Working On
    " Contains 2 Links:
          mode73e9.htm = hid_flist_group_1.htm
          mode4ak9.htm = hid_flist_query.htm
mode2hib.htm       hid_flist_choose_topic              Selecting a Topic for the File List Editor
    " Contains 1 Link:
          mode4ak9.htm = hid_flist_query.htm
mode4ak9.htm       hid_flist_query                     Starting the file list editor on a topic not marked as having a file list
mode72ya.htm       hid_flist_parse_error               Dealing With Errors in File Lists
mode4l2c.htm       hid_flist_validate_download         Downloading a File With an Invalid DOS Name
mode3k2t.htm       hid_flist_duplicate                 Duplicate File List Entries
mode1c3d.htm       hid_settings_apply                  Settings Apply Button
mode46r7.htm       hid_settings                        Settings Moderate
mode56i8.htm       hid_edit_seed_popup                 Edit Seed Message_1
    " Contains 1 Link:
          mode46r7.htm = hid_settings.htm
mode30kz.htm       hid_open_conferences                Open Conferences
    " Contains 2 Links:
          mode5jcj.htm = hid_closed_conferences.htm
          mode0rlf.htm = hid_cc_conferences.htm
mode5jcj.htm       hid_closed_conferences              Closed Conferences
    " Contains 2 Links:
          mode30kz.htm = hid_open_conferences.htm
          mode0rlf.htm = hid_cc_conferences.htm
mode0rlf.htm       hid_cc_conferences                  Closed Confidential Conferences
    " Contains 1 Link:
          mode5jcj.htm = hid_closed_conferences.htm
mode9i5v.htm       hid_edit_topics                     Edit CIX Topics command (Global Menu)
    " Contains 1 Link:
          mode3c8j.htm = hid_mod_topics.htm
mode7kbw.htm       hid_settings_cancel                 Settings Cancel Button
    " Contains 1 Link:
          mode1c3d.htm = hid_settings_apply.htm
mode5tpn.htm       hid_settings_ok                     Settings OK Button
mode860k.htm       hid_settings_flist_sort             Default File List Sort Settings
mode7eas.htm       hid_settings_edit_seed              Edit Seed Messages on Topic Creation
mode3p5w.htm       hid_config_download                 Moderate Download Directory
mode4qas.htm       hid_config_upload                   Moderate Upload Directory
mode9plx.htm       hid_settings_local_delete           Allow Local Deletion of Topics
mode9bqs.htm       hid_config_date_format              Date Format for File List Descriptions
mode1wx3.htm       hid_settings_size_warning           Topic Size Warnings Enabled
mode5i9k.htm       hid_config_menu_prefix              Menu Entry Prefixes
mode0vol.htm       hid_settings_include_size           Include Size in Notification Title
mode8sac.htm       hid_settings_fdir_flist             File Directory - Files in Flist
mode5my4.htm       hid_settings_fdir_all               File Directory - All Files
mode2jsk.htm       hid_settings_fdir_confirm_flist     File Directory - Confirm Flist Deletions
mode9mr1.htm       hid_settings_fdir_no_confirm        File Directory - No Confirmation
mode699v.htm       hid_settings_fdir_orphans           File Directory - Orphans
mode27ec.htm       hid_settings_fdir_sort              File Directory - Sorting
mode7soc.htm       hid_settings_fdir_confirm_all       File Directory - Confirm All Deletions
mode3u3w.htm       hid_mod_general                     What Does Moderating a Conference Involve?
    " Contains 2 Links:
          mode614j.htm = hid_mod_messages.htm
          mode7v8z.htm = hid_mod_file_lists.htm
mode4h7p.htm       hid_topics_confname                 Conference Name
mode5yjp.htm       hid_topics_topic_name               Topic Name_1
mode5flg.htm       hid_topics_topic_list               Topic List_1
mode89d1.htm       hid_topics_prune                    Prune Topic
mode4f6t.htm       hid_topics_delete                   Delete Topic_1
mode5xlx.htm       hid_topics_conf_note                Editing the CIX Conference Note
    " Contains 1 Link:
          mode9i5v.htm = hid_edit_topics.htm
mode0u28.htm       hid_topics_conf_note_popup          Editing the CIX Conference Note_1
    " Contains 2 Links:
          mode6605.htm = hid_conference_note.htm
          mode5xlx.htm = hid_topics_conf_note.htm
mode2vz9.htm       hid_topics_update                   Update Topic Information
    " Contains 1 Link:
          mode9i5v.htm = hid_edit_topics.htm
mode1awp.htm       hid_settings_auto_notify            Auto-notify on File Insertion
mode58o7.htm       hid_settings_add_sig                Add Signature
mode6ofk.htm       hid_topics_update_popup             Update Topic Information_1
    " Contains 1 Link:
          mode2vz9.htm = hid_topics_update.htm
mode1p2b.htm       hid_update_topic                    Selecting a Topic for Update
mode97as.htm       hid_update_topic_list               Updating Your Offline Copy of the Topic List
mode8jj9.htm       hid_update_topic_size               Manually Updating the Topic Size
mode83fr.htm       hid_update_topic_warning            Enabling Topic Size Warnings
mode1jz8.htm       hid_update_topic_threshold          Defining and Enabling Topic Free Space Warnings for Topics
mode5yng.htm       hid_update_manual                   Disabling Automatic Topic Size Updates
mode9n6r.htm       hid_update_periodic                 Updating the Topic Size Periodically
mode26cz.htm       hid_update_always                   Updating the Topic Size Every Blink
mode1w6j.htm       hid_update_ok                       OK Button_1
mode490s.htm       hid_update_cancel                   Cancel Button_1
mode7t9s.htm       hid_update_help                     Help Button_1
mode6kvo.htm       hid_update_reset                    Reset Button
mode0y7n.htm       hid_topics_files                    Topic has File List_1
    " Contains 1 Link:
          mode16t0.htm = hid_edit_flist.htm
mode3w1l.htm       hid_topics_readonly                 Topic is Read Only_1
mode3x2m.htm       hid_topics_topic_description        New Topic Description_1
mode0nl1.htm       hid_topics_topicsize                Topic Size Information
    " Contains 3 Links:
          mode2vz9.htm = hid_topics_update.htm
          mode89d1.htm = hid_topics_prune.htm
          mode3w1l.htm = hid_topics_readonly.htm
mode9z57.htm       hid_topics_ok                       OK Button_2
mode32ng.htm       hid_topics_cancel                   Cancel Button_2
mode2xkg.htm       hid_topics_help                     Help Button_2
mode73ec.htm       hid_flist_group_4                   File Directory Maintenance Screen Layout
    " Contains 1 Link:
          mode7v8z.htm = hid_mod_file_lists.htm
mode6605.htm       hid_conference_note                 The Conference Note
    " Contains 3 Links:
          mode5xlx.htm = hid_topics_conf_note.htm
          mode4sfa.htm = hid_create_conf.htm
          mode9i5v.htm = hid_edit_topics.htm
mode3c8j.htm       hid_mod_topics                      Looking After Topics in Your Conference
    " Contains 4 Links:
          mode9i5v.htm = hid_edit_topics.htm
          mode2vz9.htm = hid_topics_update.htm
          mode9et0.htm = hid_topic_add_flist.htm
          mode3xro.htm = hid_topic_remove_flist.htm
mode7v8z.htm       hid_mod_file_lists                  Maintaining File Lists
    " Contains 9 Links:
          mode0rla.htm = hid_flist_description.htm
          mode8qlg.htm = hid_flist_getting_started.htm
          mode9et0.htm = hid_topic_add_flist.htm
          mode3xro.htm = hid_topic_remove_flist.htm
          mode8xir.htm = hid_flist_adding_files.htm
          mode8qnb.htm = hid_flist_reorganising.htm
          mode8nvp.htm = hid_flist_delete_update.htm
          mode4vfp.htm = hid_flist_fdir_maintenance.htm
          mode1vmv.htm = hid_flist_coordinating.htm
mode8qlg.htm       hid_flist_getting_started           Getting Started
    " Contains 1 Link:
          mode1vmv.htm = hid_flist_coordinating.htm
mode8xir.htm       hid_flist_adding_files              Adding Files to a File List
    " Contains 10 Links:
          mode7o6q.htm = hid_insert_flist_fdir.htm
          mode6gj6.htm = hid_append_flist_fdir.htm
          mode9xda.htm = hid_insert_flist_notification.htm
          mode2nxq.htm = hid_append_flist_notification.htm
          mode6qlo.htm = hid_insert_flist_mail.htm
          mode5iy4.htm = hid_append_flist_mail.htm
          mode5z1g.htm = hid_insert_flist_upload.htm
          mode92xw.htm = hid_append_flist_upload.htm
          mode1b90.htm = hid_flist_edit.htm
          mode8n09.htm = hid_flist_notify.htm
mode8qnb.htm       hid_flist_reorganising              Reorganising a File List
    " Contains 3 Links:
          mode3790.htm = hid_insert_flist_comment.htm
          mode4605.htm = hid_insert_flist_blank_line.htm
          mode9n04.htm = hid_flist_sort_file_list.htm
mode8nvp.htm       hid_flist_delete_update             Removing, Hiding and Updating Files
    " Contains 4 Links:
          mode7a3p.htm = hid_flist_delete.htm
          mode94ys.htm = hid_flist_hold.htm
          mode2m5o.htm = hid_flist_update_mail.htm
          mode6alg.htm = hid_flist_update_upload.htm
mode4vfp.htm       hid_flist_fdir_maintenance          Working with the File Directory
    " Contains 2 Links:
          mode73ec.htm = hid_flist_group_4.htm
          mode999v.htm = hid_orphan_files.htm
mode1vmv.htm       hid_flist_coordinating              Coordinating File List Updates Between Co-moderators
    " Contains 1 Link:
          mode5c6d.htm = hid_shared_flist_procedure.htm
mode5c6d.htm       hid_shared_flist_procedure          Here's how it works
mode0rla.htm       hid_flist_description               File Lists on CIX
    " Contains 1 Link:
          mode3d10.htm = hid_topic_root.htm
mode3d10.htm       hid_topic_root                      Topic Root
mode5yib.htm       hid_mod_participants                Adding and Removing Participants
mode614j.htm       hid_mod_messages                    Withdrawing Messages
mode8s1f.htm       hid_mod_comods                      Coordinating Moderating Duties Between Co-moderators
    " Contains 1 Link:
          mode1vmv.htm = hid_flist_coordinating.htm
mode999v.htm       hid_orphan_files                    Orphan Files
mode5ntx.htm       hid_file_date                       File date
mode6sfj.htm       hid_descedit_undo                   Undo Edits
mode2yuo.htm       hid_descedit_help                   Help on Editing
mode4uss.htm       hid_done_all                        Done all
mode0vow.htm       hid_settings_help                   Settings Help Button
mode6850.htm       hid_settings_flist                  Moderate File List Settings
mode9jua.htm       hid_settings_fdir                   Moderate File Directory Settings
mode3ued.htm       hid_settings_upper_case             Upper Case File Names
mode7bzh.htm       hid_settings_flist_confirm          Confirm Deletion of each Flist File
mode1hwt.htm       hid_settings_flist_fdir_confirm     Confirm Deletion of Files from the Fdir
mode1aat.htm       hid_settings_flist_fdir_leave       Leave Associated Files in the Fdir
mode0jc5.htm       hid_settings_flist_fdir_delete      Delete All Associated Files in the Fdir
mode98o3.htm       hid_fdir_change_topic               Changing the Topic You Are Working On_1
    " Contains 2 Links:
          mode73eb.htm = hid_flist_group_3.htm
          mode4ak9.htm = hid_flist_query.htm
mode9lm4.htm       hid_fdir_cancel                     File Directory Dialog Cancel Button
    " Contains 1 Link:
          mode73eb.htm = hid_flist_group_3.htm
mode1wmr.htm       hid_fdir_download_lists             Refreshing Your Offline Copies of the File Lists_1
    " Contains 1 Link:
          mode73eb.htm = hid_flist_group_3.htm
mode9et0.htm       hid_topic_add_flist                 Adding a File List to an Existing Topic
    " Contains 1 Link:
          mode16t0.htm = hid_edit_flist.htm
mode73ed.htm       hid_flist_group_5                   The File Directory Display
    " Contains 2 Links:
          mode73ec.htm = hid_flist_group_4.htm
          mode9jua.htm = hid_settings_fdir.htm
mode3xro.htm       hid_topic_remove_flist              Removing a File List from a Topic

     Topic Files Without Titles:
----------------------------------------------------------------

.htm File:         WinHelp Topic_ID's:           Number of Internal (from other .htm Files)                                                     
                                                 And External(via Map Files) References:                                                        
                                                   Internal:     External:                                                                      
----------         -----------------             -------------------------------------                                                          

